[2025-11-09 09:04:30,120] [INFO] __main__: Aplicação iniciada e logs configurados.
[2025-11-09 09:04:30,120] [INFO] db_msg: Iniciando Database de mensagens e criando tabela...
[2025-11-09 09:04:30,120] [INFO] db_msg: Tabela 'mensagens' criada com sucesso!
[2025-11-09 09:04:30,121] [INFO] db_auth: Inicializando Database_Auth e criando tabelas...
[2025-11-09 09:06:55,024] [INFO] __main__: Aplicação iniciada e logs configurados.
[2025-11-09 09:06:55,024] [INFO] db_msg: Iniciando Database de mensagens e criando tabela...
[2025-11-09 09:06:55,025] [INFO] db_msg: Tabela 'mensagens' criada com sucesso!
[2025-11-09 09:06:55,025] [INFO] db_auth: Inicializando Database_Auth e criando tabelas...
[2025-11-09 09:06:55,025] [INFO] __main__: Conexão bem sucedida com o servidor na nuvem.
[2025-11-09 09:26:39,911] [INFO] __main__: Aplicação iniciada e logs configurados.
[2025-11-09 09:26:39,912] [INFO] db_msg: Iniciando Database de mensagens e criando tabela...
[2025-11-09 09:26:39,912] [INFO] db_msg: Tabela 'mensagens' criada com sucesso!
[2025-11-09 09:26:39,912] [INFO] db_auth: Inicializando Database_Auth e criando tabelas...
[2025-11-09 09:26:39,913] [INFO] __main__: Conexão bem sucedida com o servidor na nuvem.
[2025-11-09 09:27:17,736] [INFO] __main__: Aplicação iniciada e logs configurados.
[2025-11-09 09:27:17,736] [INFO] db_msg: Iniciando Database de mensagens e criando tabela...
[2025-11-09 09:27:17,737] [INFO] db_msg: Tabela 'mensagens' criada com sucesso!
[2025-11-09 09:27:17,737] [INFO] db_auth: Inicializando Database_Auth e criando tabelas...
[2025-11-09 09:27:17,737] [INFO] __main__: Conexão bem sucedida com o servidor na nuvem.
[2025-11-09 09:30:53,983] [INFO] __main__: Aplicação iniciada e logs configurados.
[2025-11-09 09:30:53,983] [INFO] db_msg: Iniciando Database de mensagens e criando tabela...
[2025-11-09 09:30:53,984] [INFO] db_msg: Tabela 'mensagens' criada com sucesso!
[2025-11-09 09:30:53,984] [INFO] db_auth: Inicializando Database_Auth e criando tabelas...
[2025-11-09 09:30:53,984] [INFO] __main__: Conexão bem sucedida com o servidor na nuvem.
[2025-11-09 09:37:12,033] [INFO] __main__: Aplicação iniciada e logs configurados.
[2025-11-09 09:37:12,034] [INFO] db_msg: Iniciando Database de mensagens e criando tabela...
[2025-11-09 09:37:12,034] [INFO] db_msg: Tabela 'mensagens' criada com sucesso!
[2025-11-09 09:37:12,034] [INFO] db_auth: Inicializando Database_Auth e criando tabelas...
[2025-11-09 09:37:12,034] [INFO] __main__: Conexão bem sucedida com o servidor na nuvem.
[2025-11-09 09:37:13,336] [INFO] __main__: Opção valida para o menu de login
[2025-11-09 10:11:05,559] [INFO] __main__: Aplicação iniciada e logs configurados.
[2025-11-09 10:11:05,559] [INFO] db_msg: Iniciando Database de mensagens e criando tabela...
[2025-11-09 10:11:05,560] [INFO] db_msg: Tabela 'mensagens' criada com sucesso!
[2025-11-09 10:11:05,560] [INFO] db_auth: Inicializando Database_Auth e criando tabelas...
[2025-11-09 10:11:05,560] [INFO] __main__: Conexão bem sucedida com o servidor na nuvem.
[2025-11-09 10:11:07,165] [INFO] __main__: Opção valida para o menu de login
[2025-11-09 10:11:16,131] [INFO] db_auth: Usuario Mista está autenticado
[2025-11-09 11:14:57,534] [ERROR] __main__: Opção inválida, somente números permitidos!
[2025-11-09 12:19:58,830] [INFO] __main__: Aplicação iniciada e logs configurados.
[2025-11-09 12:19:58,830] [INFO] db_msg: Iniciando Database de mensagens e criando tabela...
[2025-11-09 12:19:58,831] [INFO] db_msg: Tabela 'mensagens' criada com sucesso!
[2025-11-09 12:19:58,831] [INFO] db_auth: Inicializando Database_Auth e criando tabelas...
[2025-11-09 12:19:58,831] [INFO] __main__: Conexão bem sucedida com o servidor na nuvem.
[2025-11-09 12:20:00,555] [INFO] __main__: Opção valida para o menu de login
[2025-11-09 12:21:23,707] [INFO] db_auth: Usuario Mista está autenticado
[2025-11-09 12:22:07,413] [INFO] __main__: Aplicação iniciada e logs configurados.
[2025-11-09 12:22:07,413] [INFO] db_msg: Iniciando Database de mensagens e criando tabela...
[2025-11-09 12:22:07,413] [INFO] db_msg: Tabela 'mensagens' criada com sucesso!
[2025-11-09 12:22:07,413] [INFO] db_auth: Inicializando Database_Auth e criando tabelas...
[2025-11-09 12:22:07,414] [INFO] __main__: Conexão bem sucedida com o servidor na nuvem.
[2025-11-09 12:22:09,923] [INFO] __main__: Opção valida para o menu de login
[2025-11-09 12:22:57,431] [INFO] db_auth: Usuario Mista está autenticado
[2025-11-09 12:23:12,999] [INFO] __main__: Opção valida para o menu de login
[2025-11-09 12:23:25,445] [INFO] db_msg: Mensagem do usuario inserida com sucesso Mista às 2025-11-09 12:23:25.445086
[2025-11-09 12:23:29,172] [INFO] __main__: Opção valida para o menu de login
[2025-11-09 12:23:31,394] [INFO] __main__: Opção valida para o menu de login
[2025-11-09 12:23:31,394] [INFO] db_msg: Até número de 20 mensagens foram listadas
[2025-11-09 12:23:32,734] [INFO] __main__: Opção valida para o menu de login
[2025-11-09 12:23:37,253] [INFO] db_msg: A busca pelo ll foi bem sucedida
[2025-11-09 12:23:51,278] [INFO] __main__: Opção valida para o menu de login
[2025-11-09 12:23:56,821] [INFO] __main__: Opção valida para o menu de login
[2025-11-09 12:24:21,146] [INFO] db_auth: Usuario Mista está autenticado
[2025-11-09 12:28:13,582] [INFO] __main__: Aplicação iniciada e logs configurados.
[2025-11-09 12:28:13,582] [INFO] db_msg: Iniciando Database de mensagens e criando tabela...
[2025-11-09 12:28:13,583] [INFO] db_msg: Tabela 'mensagens' criada com sucesso!
[2025-11-09 12:28:13,583] [INFO] db_auth: Inicializando Database_Auth e criando tabelas...
[2025-11-09 12:28:13,583] [INFO] __main__: Conexão bem sucedida com o servidor na nuvem.
[2025-11-09 12:28:15,162] [INFO] __main__: Opção valida para o menu de login
[2025-11-09 12:28:31,618] [INFO] db_auth: Usuario Mista está autenticado
[2025-11-09 12:32:57,010] [INFO] __main__: Aplicação iniciada e logs configurados.
[2025-11-09 12:32:57,010] [INFO] db_msg: Iniciando Database de mensagens e criando tabela...
[2025-11-09 12:32:57,010] [INFO] db_msg: Tabela 'mensagens' criada com sucesso!
[2025-11-09 12:32:57,010] [INFO] db_auth: Inicializando Database_Auth e criando tabelas...
[2025-11-09 12:32:57,011] [INFO] __main__: Conexão bem sucedida com o servidor na nuvem.
[2025-11-09 12:33:00,257] [INFO] __main__: Opção valida para o menu de login
[2025-11-09 12:33:46,605] [INFO] __main__: Aplicação iniciada e logs configurados.
[2025-11-09 12:33:46,605] [INFO] db_msg: Iniciando Database de mensagens e criando tabela...
[2025-11-09 12:33:46,605] [INFO] db_msg: Tabela 'mensagens' criada com sucesso!
[2025-11-09 12:33:46,605] [INFO] db_auth: Inicializando Database_Auth e criando tabelas...
[2025-11-09 12:33:46,605] [INFO] __main__: Conexão bem sucedida com o servidor na nuvem.
[2025-11-09 12:33:48,370] [INFO] __main__: Opção valida para o menu de login
[2025-11-09 12:34:45,959] [INFO] db_auth: Usuario Mista está autenticado
[2025-11-09 12:37:01,373] [INFO] __main__: Opção valida para o menu de login
[2025-11-09 12:37:55,005] [INFO] __main__: Opção valida para o menu de login
[2025-11-09 12:39:00,252] [INFO] db_msg: Mensagem do usuario inserida com sucesso Mista às 2025-11-09 12:39:00.252121
[2025-11-09 12:39:11,971] [INFO] __main__: Opção valida para o menu de login
[2025-11-09 12:39:11,972] [INFO] db_msg: Até número de 20 mensagens foram listadas
[2025-11-09 12:39:26,164] [INFO] __main__: Opção valida para o menu de login
[2025-11-09 12:39:30,462] [INFO] db_msg: A busca pelo Mista foi bem sucedida
[2025-11-09 12:40:08,043] [INFO] __main__: Opção valida para o menu de login
[2025-11-09 12:40:32,473] [INFO] __main__: Opção valida para o menu de login
[2025-11-09 12:40:58,263] [INFO] __main__: Aplicação iniciada e logs configurados.
[2025-11-09 12:40:58,263] [INFO] db_msg: Iniciando Database de mensagens e criando tabela...
[2025-11-09 12:40:58,263] [INFO] db_msg: Tabela 'mensagens' criada com sucesso!
[2025-11-09 12:40:58,263] [INFO] db_auth: Inicializando Database_Auth e criando tabelas...
[2025-11-09 12:40:58,264] [INFO] __main__: Conexão bem sucedida com o servidor na nuvem.
[2025-11-09 12:41:00,807] [INFO] __main__: Opção valida para o menu de login
[2025-11-09 12:41:19,978] [INFO] __main__: Opção valida para o menu de login
[2025-11-09 12:47:52,437] [INFO] __main__: Aplicação iniciada e logs configurados.
[2025-11-09 12:47:52,438] [INFO] db_msg: Iniciando Database de mensagens e criando tabela...
[2025-11-09 12:47:52,438] [INFO] db_msg: Tabela 'mensagens' criada com sucesso!
[2025-11-09 12:47:52,438] [INFO] db_auth: Inicializando Database_Auth e criando tabelas...
[2025-11-09 12:47:52,438] [INFO] __main__: Conexão bem sucedida com o servidor na nuvem.
[2025-11-09 12:48:52,999] [INFO] __main__: Aplicação iniciada e logs configurados.
[2025-11-09 12:48:52,999] [INFO] db_msg: Iniciando Database de mensagens e criando tabela...
[2025-11-09 12:48:53,000] [INFO] db_msg: Tabela 'mensagens' criada com sucesso!
[2025-11-09 12:48:53,000] [INFO] db_auth: Inicializando Database_Auth e criando tabelas...
[2025-11-09 12:48:53,000] [INFO] __main__: Conexão bem sucedida com o servidor na nuvem.
[2025-11-09 12:49:37,830] [INFO] __main__: Opção valida para o menu de login
[2025-11-09 12:49:52,750] [INFO] db_auth: Usuario Mista está autenticado
[2025-11-09 12:57:27,419] [INFO] __main__: Aplicação iniciada e logs configurados.
[2025-11-09 12:57:27,419] [INFO] db_msg: Iniciando Database de mensagens e criando tabela...
[2025-11-09 12:57:27,420] [INFO] db_msg: Tabela 'mensagens' criada com sucesso!
[2025-11-09 12:57:27,420] [INFO] db_auth: Inicializando Database_Auth e criando tabelas...
[2025-11-09 12:57:27,420] [INFO] __main__: Conexão bem sucedida com o servidor na nuvem.
[2025-11-09 12:57:30,449] [INFO] __main__: Opção valida para o menu de login
[2025-11-09 12:58:31,198] [INFO] __main__: Opção valida para o menu de login
[2025-11-09 13:00:11,508] [INFO] __main__: Opção valida para o menu de login
[2025-11-09 13:10:49,295] [INFO] __main__: Aplicação iniciada e logs configurados.
[2025-11-09 13:10:49,295] [INFO] db_msg: Iniciando Database de mensagens e criando tabela...
[2025-11-09 13:10:49,295] [INFO] db_msg: Tabela 'mensagens' criada com sucesso!
[2025-11-09 13:10:49,295] [INFO] db_auth: Inicializando Database_Auth e criando tabelas...
[2025-11-09 13:10:49,296] [INFO] __main__: Conexão bem sucedida com o servidor na nuvem.
[2025-11-09 13:10:50,936] [INFO] __main__: Opção valida para o menu de login
[2025-11-09 13:10:55,047] [ERROR] __main__: Erro de captura da senha: local variable 'senha' referenced before assignment
[2025-11-09 13:11:12,824] [INFO] __main__: Opção valida para o menu de login
[2025-11-09 13:11:15,967] [ERROR] __main__: Erro de captura da senha: local variable 'senha' referenced before assignment
[2025-11-09 13:14:58,653] [INFO] __main__: Aplicação iniciada e logs configurados.
[2025-11-09 13:14:58,653] [INFO] db_msg: Iniciando Database de mensagens e criando tabela...
[2025-11-09 13:14:58,653] [INFO] db_msg: Tabela 'mensagens' criada com sucesso!
[2025-11-09 13:14:58,653] [INFO] db_auth: Inicializando Database_Auth e criando tabelas...
[2025-11-09 13:14:58,654] [INFO] __main__: Conexão bem sucedida com o servidor na nuvem.
[2025-11-09 13:15:15,783] [INFO] __main__: Opção valida para o menu de login
[2025-11-09 13:15:39,113] [INFO] __main__: Opção valida para o menu de login
[2025-11-09 13:16:01,313] [INFO] db_auth: Usuario Mista está autenticado
[2025-11-09 13:16:15,330] [INFO] __main__: Opção valida para o menu de login
[2025-11-09 13:16:15,332] [INFO] db_msg: Até número de 20 mensagens foram listadas
[2025-11-09 13:16:39,698] [INFO] __main__: Opção valida para o menu de login
[2025-11-09 13:17:13,671] [INFO] __main__: Opção valida para o menu de login
[2025-11-09 16:04:34,443] [INFO] __main__: Aplicação iniciada e logs configurados.
[2025-11-09 16:04:34,443] [INFO] db_msg: Iniciando Database de mensagens e criando tabela...
[2025-11-09 16:04:34,443] [INFO] db_msg: Tabela 'mensagens' criada com sucesso!
[2025-11-09 16:04:34,443] [INFO] db_auth: Inicializando Database_Auth e criando tabelas...
[2025-11-09 16:04:34,443] [INFO] __main__: Conexão bem sucedida com o servidor na nuvem.
[2025-11-09 16:04:38,970] [INFO] __main__: Opção valida para o menu de login
